<?xml version="1.0" encoding="UTF-8"?>
<!-- Generated by org.testng.reporters.JUnitReportReporter -->
<testsuite hostname="uma_vivobook" failures="0" tests="1" name="testCases.TC002_LoginTest" time="2.017" errors="0" timestamp="2025-05-04T23:44:31 GMT-07:00" skipped="0">
  <testcase classname="testCases.TC002_LoginTest" name="verify_login" time="2.017"/>
  <system-out/>
</testsuite> <!-- testCases.TC002_LoginTest -->
