<?xml version="1.0" encoding="UTF-8"?>
<!-- Generated by org.testng.reporters.JUnitReportReporter -->
<testsuite hostname="uma_vivobook" failures="0" tests="1" name="testCases.TC001_AccountRegistrationTest" time="3.215" errors="0" timestamp="2025-04-28T10:49:03 GMT-07:00" skipped="0">
  <testcase classname="testCases.TC001_AccountRegistrationTest" name="verify_account_registration" time="3.215"/>
  <system-out/>
</testsuite> <!-- testCases.TC001_AccountRegistrationTest -->
