<?xml version="1.0" encoding="UTF-8"?>
<!-- Generated by org.testng.reporters.JUnitReportReporter -->
<testsuite hostname="uma_vivobook" failures="0" tests="1" name="testCases.TC007_AddToWishListTest" time="8.206" errors="0" timestamp="2025-05-05T11:34:36 GMT-07:00" skipped="0">
  <testcase classname="testCases.TC007_AddToWishListTest" name="verify_WishList" time="8.206"/>
  <system-out/>
</testsuite> <!-- testCases.TC007_AddToWishListTest -->
