<?xml version="1.0" encoding="UTF-8"?>
<!-- Generated by org.testng.reporters.JUnitReportReporter -->
<testsuite hostname="uma_vivobook" failures="0" tests="1" name="testCases.TC005_SearchProductTest" time="0.878" errors="0" timestamp="2025-05-05T00:51:26 GMT-07:00" skipped="0">
  <testcase classname="testCases.TC005_SearchProductTest" name="verify_search" time="0.878"/>
  <system-out/>
</testsuite> <!-- testCases.TC005_SearchProductTest -->
