<?xml version="1.0" encoding="UTF-8"?>
<!-- Generated by org.testng.reporters.JUnitReportReporter -->
<testsuite hostname="uma_vivobook" failures="0" tests="1" name="testCases.TC006_AddToCartTest" time="2.228" errors="0" timestamp="2025-05-05T00:51:26 GMT-07:00" skipped="0">
  <testcase classname="testCases.TC006_AddToCartTest" name="verify_AddToCart" time="2.228"/>
  <system-out/>
</testsuite> <!-- testCases.TC006_AddToCartTest -->
