<?xml version="1.0" encoding="UTF-8"?>
<!-- Generated by org.testng.reporters.JUnitReportReporter -->
<testsuite hostname="uma_vivobook" failures="0" tests="1" name="testCases.TC004_LogoutTest" time="3.384" errors="0" timestamp="2025-05-04T23:57:38 GMT-07:00" skipped="0">
  <testcase classname="testCases.TC004_LogoutTest" name="verify_logout" time="3.384"/>
  <system-out/>
</testsuite> <!-- testCases.TC004_LogoutTest -->
